<?xml version="1.0" encoding="UTF-8"?>
<testng-results ignored="0" total="1" passed="1" failed="0" skipped="0">
  <reporter-output>
  </reporter-output>
  <suite started-at="2025-04-25T23:33:10 EDT" name="Default suite" finished-at="2025-04-25T23:33:18 EDT" duration-ms="8024">
    <groups>
    </groups>
    <test started-at="2025-04-25T23:33:10 EDT" name="Default test" finished-at="2025-04-25T23:33:18 EDT" duration-ms="8024">
      <class name="MobileTestinLaunch.AndroidSwipe">
        <test-method is-config="true" signature="initiate_Appium()[pri:0, instance:MobileTestinLaunch.AndroidSwipe@6e0f5f7f]" started-at="2025-04-25T23:33:10 EDT" name="initiate_Appium" finished-at="2025-04-25T23:33:15 EDT" duration-ms="5007" status="PASS">
          <reporter-output>
          </reporter-output>
        </test-method> <!-- initiate_Appium -->
        <test-method signature="SwipeInApp()[pri:0, instance:MobileTestinLaunch.AndroidSwipe@6e0f5f7f]" started-at="2025-04-25T23:33:15 EDT" name="SwipeInApp" finished-at="2025-04-25T23:33:18 EDT" duration-ms="3002" status="PASS">
          <reporter-output>
          </reporter-output>
        </test-method> <!-- SwipeInApp -->
      </class> <!-- MobileTestinLaunch.AndroidSwipe -->
    </test> <!-- Default test -->
  </suite> <!-- Default suite -->
</testng-results>
