<?xml version="1.0" encoding="UTF-8"?>
<testng-results ignored="0" total="1" passed="1" failed="0" skipped="0">
  <reporter-output>
  </reporter-output>
  <suite started-at="2024-12-25T21:50:15Z" name="Default suite" finished-at="2024-12-25T21:50:36Z" duration-ms="20486">
    <groups>
    </groups>
    <test started-at="2024-12-25T21:50:15Z" name="Default test" finished-at="2024-12-25T21:50:36Z" duration-ms="20486">
      <class name="MobileTestinLaunch.MobileLaunch">
        <test-method signature="MobileTest()[pri:0, instance:MobileTestinLaunch.MobileLaunch@4196c360]" started-at="2024-12-25T21:50:15Z" name="MobileTest" finished-at="2024-12-25T21:50:36Z" duration-ms="20470" status="PASS">
          <reporter-output>
          </reporter-output>
        </test-method> <!-- MobileTest -->
      </class> <!-- MobileTestinLaunch.MobileLaunch -->
    </test> <!-- Default test -->
  </suite> <!-- Default suite -->
</testng-results>
